Detecting compiler hash for triplet x64-windows...
Compiler found: C:/Program Files (x86)/Microsoft Visual Studio/2022/BuildTools/VC/Tools/MSVC/14.43.34808/bin/Hostx64/x64/cl.exe
The following packages are already installed:
    boost-algorithm:x64-windows@1.90.0#1
  * boost-align:x64-windows@1.90.0#1
  * boost-any:x64-windows@1.90.0#1
  * boost-array:x64-windows@1.90.0#1
  * boost-assert:x64-windows@1.90.0#1
  * boost-atomic:x64-windows@1.90.0#1
    boost-bimap:x64-windows@1.90.0#1
  * boost-bind:x64-windows@1.90.0#1
  * boost-chrono:x64-windows@1.90.0#1
  * boost-cmake:x64-windows@1.90.0#1
  * boost-concept-check:x64-windows@1.90.0#1
  * boost-config:x64-windows@1.90.0#1
  * boost-container:x64-windows@1.90.0#1
  * boost-container-hash:x64-windows@1.90.0#1
  * boost-conversion:x64-windows@1.90.0#1
  * boost-core:x64-windows@1.90.0#1
  * boost-date-time:x64-windows@1.90.0#1
  * boost-describe:x64-windows@1.90.0#1
  * boost-detail:x64-windows@1.90.0#1
  * boost-dynamic-bitset:x64-windows@1.90.0#1
  * boost-endian:x64-windows@1.90.0#1
  * boost-exception:x64-windows@1.90.0#1
  * boost-foreach:x64-windows@1.90.0#1
  * boost-function:x64-windows@1.90.0#1
  * boost-function-types:x64-windows@1.90.0#1
  * boost-functional:x64-windows@1.90.0#1
  * boost-fusion:x64-windows@1.90.0#1
    boost-graph:x64-windows@1.90.0#1
  * boost-headers:x64-windows@1.90.0#1
  * boost-integer:x64-windows@1.90.0#1
  * boost-intrusive:x64-windows@1.90.0#1
    boost-io:x64-windows@1.90.0#1
    boost-iostreams[core,zstd,zlib,lzma,bzip2]:x64-windows@1.90.0#1
  * boost-iterator:x64-windows@1.90.0#1
  * boost-lambda:x64-windows@1.90.0#1
  * boost-lexical-cast:x64-windows@1.90.0#1
    boost-math:x64-windows@1.90.0#1
  * boost-move:x64-windows@1.90.0#1
  * boost-mp11:x64-windows@1.90.0#1
  * boost-mpl:x64-windows@1.90.0#1
  * boost-multi-index:x64-windows@1.90.0#1
  * boost-numeric-conversion:x64-windows@1.90.0#1
  * boost-optional:x64-windows@1.90.0#1
  * boost-parameter:x64-windows@1.90.0#1
  * boost-phoenix:x64-windows@1.90.0#1
  * boost-pool:x64-windows@1.90.0#1
  * boost-predef:x64-windows@1.90.0#1
  * boost-preprocessor:x64-windows@1.90.0#1
  * boost-property-map:x64-windows@1.90.0#1
  * boost-property-tree:x64-windows@1.90.0#1
  * boost-proto:x64-windows@1.90.0#1
  * boost-random:x64-windows@1.90.0#1
  * boost-range:x64-windows@1.90.0#1
  * boost-ratio:x64-windows@1.90.0#1
  * boost-regex:x64-windows@1.90.0#1
  * boost-serialization:x64-windows@1.90.0#1
  * boost-smart-ptr:x64-windows@1.90.0#1
  * boost-spirit:x64-windows@1.90.0#1
  * boost-static-assert:x64-windows@1.90.0#1
  * boost-system:x64-windows@1.90.0#1
  * boost-thread:x64-windows@1.90.0#1
  * boost-throw-exception:x64-windows@1.90.0#1
  * boost-tokenizer:x64-windows@1.90.0#1
  * boost-tti:x64-windows@1.90.0#1
  * boost-tuple:x64-windows@1.90.0#1
  * boost-type-index:x64-windows@1.90.0#1
  * boost-type-traits:x64-windows@1.90.0#1
  * boost-typeof:x64-windows@1.90.0#1
  * boost-uninstall:x64-windows@1.90.0#1
  * boost-unordered:x64-windows@1.90.0#1
  * boost-utility:x64-windows@1.90.0#1
  * boost-variant:x64-windows@1.90.0#1
  * boost-variant2:x64-windows@1.90.0#1
  * boost-winapi:x64-windows@1.90.0#1
  * boost-xpressive:x64-windows@1.90.0#1
  * brotli:x64-windows@1.2.0
  * bzip2[core,tool]:x64-windows@1.0.8#6
  * double-conversion:x64-windows@3.4.0
  * egl-registry:x64-windows@2025-05-27
    eigen3:x64-windows@5.0.1
  * freetype[core,zlib,png,bzip2,brotli]:x64-windows@2.14.3
    gtest:x64-windows@1.17.0#2
  * liblzma:x64-windows@5.8.3
  * libpng:x64-windows@1.6.57
  * md4c:x64-windows@0.5.2
    nlohmann-json:x64-windows@3.12.0#2
    opencascade[core,freetype]:x64-windows@7.9.3
  * opengl:x64-windows@2022-12-04#3
  * opengl-registry:x64-windows@2026-01-26
  * pcre2[core,platform-default-features,jit]:x64-windows@10.47
    qtbase[core,doubleconversion]:x64-windows@6.10.2
  * vcpkg-boost:x64-windows@2025-03-29
  * vcpkg-cmake:x64-windows@2024-04-23
  * vcpkg-cmake-config:x64-windows@2024-05-23
  * zlib:x64-windows@1.3.1
  * zstd:x64-windows@1.5.7
boost-io provides CMake targets:

  # this is heuristically generated, and may not be correct
  find_package(boost_io CONFIG REQUIRED)
  target_link_libraries(main PRIVATE Boost::io)

boost-algorithm provides CMake targets:

  # this is heuristically generated, and may not be correct
  find_package(boost_algorithm CONFIG REQUIRED)
  target_link_libraries(main PRIVATE Boost::algorithm)

boost-bimap provides CMake targets:

  # this is heuristically generated, and may not be correct
  find_package(boost_bimap CONFIG REQUIRED)
  target_link_libraries(main PRIVATE Boost::bimap)

boost-math provides CMake targets:

  # this is heuristically generated, and may not be correct
  find_package(boost_math CONFIG REQUIRED)
  target_link_libraries(main PRIVATE Boost::math)

boost-graph provides CMake targets:

  # this is heuristically generated, and may not be correct
  find_package(boost_graph CONFIG REQUIRED)
  target_link_libraries(main PRIVATE Boost::graph)

boost-iostreams provides CMake targets:

  # this is heuristically generated, and may not be correct
  find_package(boost_iostreams CONFIG REQUIRED)
  target_link_libraries(main PRIVATE Boost::iostreams)

eigen3 provides CMake targets:

  # this is heuristically generated, and may not be correct
  find_package(Eigen3 CONFIG REQUIRED)
  target_link_libraries(main PRIVATE Eigen3::Eigen)

eigen3 provides pkg-config modules:

  # A C++ template library for linear algebra: vectors, matrices, and related algorithms
  eigen3

The package gtest is compatible with built-in CMake targets:

    enable_testing()
    
    find_package(GTest CONFIG REQUIRED)
    target_link_libraries(main PRIVATE GTest::gtest GTest::gtest_main GTest::gmock GTest::gmock_main)
    
    add_test(AllTestsInMain main)

The package nlohmann-json provides CMake targets:

    find_package(nlohmann_json CONFIG REQUIRED)
    target_link_libraries(main PRIVATE nlohmann_json::nlohmann_json)

The package nlohmann-json can be configured to not provide implicit conversions via a custom triplet file:

    set(nlohmann-json_IMPLICIT_CONVERSIONS OFF)

For more information, see the docs here:
    
    https://json.nlohmann.me/api/macros/json_use_implicit_conversions/

opencascade provides CMake targets:

  # this is heuristically generated, and may not be correct
  find_package(OpenCASCADE CONFIG REQUIRED)
  # note: 45 additional targets are not displayed.
  target_link_libraries(main PRIVATE TKBO TKDE TKBin TKCAF)

qtbase provides CMake targets:

  # this is heuristically generated, and may not be correct
  find_package(Qt6 CONFIG REQUIRED)
  # note: 38 additional targets are not displayed.
  target_link_libraries(main PRIVATE DB2::DB2 PPS::PPS Oracle::OCI Libb2::Libb2)

  find_package(Qt6Core CONFIG REQUIRED)
  target_link_libraries(main PRIVATE Qt6::Core)

  find_package(Qt6CorePrivate CONFIG REQUIRED)
  target_link_libraries(main PRIVATE Qt6::CorePrivate)

  find_package(Qt6EntryPointPrivate CONFIG REQUIRED)
  target_link_libraries(main PRIVATE Qt6::EntryPointPrivate Qt6::EntryPointImplementation)

  find_package(Qt6Xml CONFIG REQUIRED)
  target_link_libraries(main PRIVATE Qt6::Xml)

  find_package(Qt6XmlPrivate CONFIG REQUIRED)
  target_link_libraries(main PRIVATE Qt6::XmlPrivate)

All requested installations completed successfully in: 1.18 ms
