c:\users\abhinavputta\desktop\projects\oreocad\oreo-kernel\build_msvc\oreo-kernel.dir\release\oreo_shell_loft_sweep.obj
c:\users\abhinavputta\desktop\projects\oreocad\oreo-kernel\build_msvc\oreo-kernel.dir\release\oreo_revolve.obj
c:\users\abhinavputta\desktop\projects\oreocad\oreo-kernel\build_msvc\oreo-kernel.dir\release\oreo_primitives.obj
c:\users\abhinavputta\desktop\projects\oreocad\oreo-kernel\build_msvc\oreo-kernel.dir\release\oreo_mirror_pattern.obj
c:\users\abhinavputta\desktop\projects\oreocad\oreo-kernel\build_msvc\oreo-kernel.dir\release\oreo_manufacturing.obj
c:\users\abhinavputta\desktop\projects\oreocad\oreo-kernel\build_msvc\oreo-kernel.dir\release\oreo_fillet_chamfer.obj
c:\users\abhinavputta\desktop\projects\oreocad\oreo-kernel\build_msvc\oreo-kernel.dir\release\oreo_extrude.obj
c:\users\abhinavputta\desktop\projects\oreocad\oreo-kernel\build_msvc\oreo-kernel.dir\release\oreo_boolean.obj
c:\users\abhinavputta\desktop\projects\oreocad\oreo-kernel\build_msvc\oreo-kernel.dir\release\feature_tree.obj
c:\users\abhinavputta\desktop\projects\oreocad\oreo-kernel\build_msvc\oreo-kernel.dir\release\feature.obj
c:\users\abhinavputta\desktop\projects\oreocad\oreo-kernel\build_msvc\oreo-kernel.dir\release\validation.obj
c:\users\abhinavputta\desktop\projects\oreocad\oreo-kernel\build_msvc\oreo-kernel.dir\release\units.obj
c:\users\abhinavputta\desktop\projects\oreocad\oreo-kernel\build_msvc\oreo-kernel.dir\release\schema.obj
c:\users\abhinavputta\desktop\projects\oreocad\oreo-kernel\build_msvc\oreo-kernel.dir\release\oreo_tolerance.obj
c:\users\abhinavputta\desktop\projects\oreocad\oreo-kernel\build_msvc\oreo-kernel.dir\release\oreo_init.obj
c:\users\abhinavputta\desktop\projects\oreocad\oreo-kernel\build_msvc\oreo-kernel.dir\release\oreo_error.obj
c:\users\abhinavputta\desktop\projects\oreocad\oreo-kernel\build_msvc\oreo-kernel.dir\release\kernel_context.obj
c:\users\abhinavputta\desktop\projects\oreocad\oreo-kernel\build_msvc\oreo-kernel.dir\release\diagnostic_scope.obj
c:\users\abhinavputta\desktop\projects\oreocad\oreo-kernel\build_msvc\oreo-kernel.dir\release\diagnostic.obj
c:\users\abhinavputta\desktop\projects\oreocad\oreo-kernel\build_msvc\oreo-kernel.dir\release\oreo_capi.obj
c:\users\abhinavputta\desktop\projects\oreocad\oreo-kernel\build_msvc\oreo-kernel.dir\release\subsystem.obj
c:\users\abhinavputta\desktop\projects\oreocad\oreo-kernel\build_msvc\oreo-kernel.dir\release\geo.obj
c:\users\abhinavputta\desktop\projects\oreocad\oreo-kernel\build_msvc\oreo-kernel.dir\release\gcs.obj
c:\users\abhinavputta\desktop\projects\oreocad\oreo-kernel\build_msvc\oreo-kernel.dir\release\constraints.obj
c:\users\abhinavputta\desktop\projects\oreocad\oreo-kernel\build_msvc\oreo-kernel.dir\release\oreo_query.obj
c:\users\abhinavputta\desktop\projects\oreocad\oreo-kernel\build_msvc\oreo-kernel.dir\release\topo_shape_adapter.obj
c:\users\abhinavputta\desktop\projects\oreocad\oreo-kernel\build_msvc\oreo-kernel.dir\release\named_shape.obj
c:\users\abhinavputta\desktop\projects\oreocad\oreo-kernel\build_msvc\oreo-kernel.dir\release\map_shape_elements.obj
c:\users\abhinavputta\desktop\projects\oreocad\oreo-kernel\build_msvc\oreo-kernel.dir\release\stringhasher.obj
c:\users\abhinavputta\desktop\projects\oreocad\oreo-kernel\build_msvc\oreo-kernel.dir\release\mappedname.obj
c:\users\abhinavputta\desktop\projects\oreocad\oreo-kernel\build_msvc\oreo-kernel.dir\release\mappedelement.obj
c:\users\abhinavputta\desktop\projects\oreocad\oreo-kernel\build_msvc\oreo-kernel.dir\release\indexedname.obj
c:\users\abhinavputta\desktop\projects\oreocad\oreo-kernel\build_msvc\oreo-kernel.dir\release\elementnamingutils.obj
c:\users\abhinavputta\desktop\projects\oreocad\oreo-kernel\build_msvc\oreo-kernel.dir\release\elementmap.obj
c:\users\abhinavputta\desktop\projects\oreocad\oreo-kernel\build_msvc\oreo-kernel.dir\release\element_map.obj
c:\users\abhinavputta\desktop\projects\oreocad\oreo-kernel\build_msvc\oreo-kernel.dir\release\oreo_mesh.obj
c:\users\abhinavputta\desktop\projects\oreocad\oreo-kernel\build_msvc\oreo-kernel.dir\release\shape_fix.obj
c:\users\abhinavputta\desktop\projects\oreocad\oreo-kernel\build_msvc\oreo-kernel.dir\release\oreo_step.obj
c:\users\abhinavputta\desktop\projects\oreocad\oreo-kernel\build_msvc\oreo-kernel.dir\release\oreo_serialize.obj
c:\users\abhinavputta\desktop\projects\oreocad\oreo-kernel\build_msvc\oreo-kernel.dir\release\oreo_surface.obj
c:\users\abhinavputta\desktop\projects\oreocad\oreo-kernel\build_msvc\oreo-kernel.dir\release\qp_eq.obj
c:\users\abhinavputta\desktop\projects\oreocad\oreo-kernel\build_msvc\oreo-kernel.dir\release\oreo_sketch.obj
c:\users\abhinavputta\desktop\projects\oreocad\oreo-kernel\build_msvc\cmakefiles\generate.stamp
c:\users\abhinavputta\desktop\projects\oreocad\oreo-kernel\build_msvc\release\oreo-kernel.dll
c:\users\abhinavputta\desktop\projects\oreocad\oreo-kernel\build_msvc\release\oreo-kernel.lib
c:\users\abhinavputta\desktop\projects\oreocad\oreo-kernel\build_msvc\release\oreo-kernel.exp
c:\users\abhinavputta\desktop\projects\oreocad\oreo-kernel\build_msvc\oreo-kernel.dir\release\oreo-kernel.tlog\cl.command.1.tlog
c:\users\abhinavputta\desktop\projects\oreocad\oreo-kernel\build_msvc\oreo-kernel.dir\release\oreo-kernel.tlog\cl.items.tlog
c:\users\abhinavputta\desktop\projects\oreocad\oreo-kernel\build_msvc\oreo-kernel.dir\release\oreo-kernel.tlog\cl.read.1.tlog
c:\users\abhinavputta\desktop\projects\oreocad\oreo-kernel\build_msvc\oreo-kernel.dir\release\oreo-kernel.tlog\cl.write.1.tlog
c:\users\abhinavputta\desktop\projects\oreocad\oreo-kernel\build_msvc\oreo-kernel.dir\release\oreo-kernel.tlog\custombuild.command.1.tlog
c:\users\abhinavputta\desktop\projects\oreocad\oreo-kernel\build_msvc\oreo-kernel.dir\release\oreo-kernel.tlog\custombuild.read.1.tlog
c:\users\abhinavputta\desktop\projects\oreocad\oreo-kernel\build_msvc\oreo-kernel.dir\release\oreo-kernel.tlog\custombuild.write.1.tlog
c:\users\abhinavputta\desktop\projects\oreocad\oreo-kernel\build_msvc\oreo-kernel.dir\release\oreo-kernel.tlog\link.command.1.tlog
c:\users\abhinavputta\desktop\projects\oreocad\oreo-kernel\build_msvc\oreo-kernel.dir\release\oreo-kernel.tlog\link.read.1.tlog
c:\users\abhinavputta\desktop\projects\oreocad\oreo-kernel\build_msvc\oreo-kernel.dir\release\oreo-kernel.tlog\link.secondary.1.tlog
c:\users\abhinavputta\desktop\projects\oreocad\oreo-kernel\build_msvc\oreo-kernel.dir\release\oreo-kernel.tlog\link.write.1.tlog
